08/05/2023 16:55:29 09c1ed1d-ed93-11ed-a8ec-ec5c682c490f INFO create_article hanzoapi1@gmail.com created article
08/05/2023 16:56:08 20fbbcaa-ed93-11ed-8720-ec5c682c490f INFO summarize_article hanzoapi1@gmail.com summarized article
08/05/2023 16:56:08 20fcf52f-ed93-11ed-8199-ec5c682c490f INFO summarize_article hanzoapi1@gmail.com summarized article
08/05/2023 17:00:59 ce78d529-ed93-11ed-a8ec-ec5c682c490f INFO create_article hanzoapi1@gmail.com created article
08/05/2023 17:05:33 71795aaf-ed94-11ed-a8ec-ec5c682c490f INFO create_article hanzoapi1@gmail.com created article
08/05/2023 17:05:45 78bf0120-ed94-11ed-8720-ec5c682c490f INFO summarize_article hanzoapi1@gmail.com summarized article
08/05/2023 17:16:56 08acd57b-ed96-11ed-a8ec-ec5c682c490f INFO logout user logging out
08/05/2023 17:17:06 0e5d3ad0-ed96-11ed-8720-ec5c682c490f INFO login hanzoapi1@gmail.com logged in
08/05/2023 17:33:00 477ac250-ed98-11ed-8199-ec5c682c490f INFO logout user logging out
08/05/2023 17:44:16 da79151f-ed99-11ed-a8ec-ec5c682c490f INFO login hanzoapi1@gmail.com logged in
08/05/2023 17:44:30 e29d039c-ed99-11ed-8720-ec5c682c490f INFO summarize_article hanzoapi1@gmail.com summarized article
08/05/2023 17:44:51 ef54a83a-ed99-11ed-8199-ec5c682c490f INFO create_comment hanzoapi1@gmail.com added comment
08/05/2023 17:57:35 b6373962-ed9b-11ed-a8ec-ec5c682c490f INFO login hanzoapi1@gmail.com logged in
08/05/2023 17:57:35 b69dd5ef-ed9b-11ed-8720-ec5c682c490f INFO login hanzoapi1@gmail.com logged in
08/05/2023 17:57:53 c0f6fad9-ed9b-11ed-8199-ec5c682c490f INFO summarize_article hanzoapi1@gmail.com summarized article
08/05/2023 18:35:15 f9394e56-eda0-11ed-a8ec-ec5c682c490f ERROR login sivanich3999@gmail.com error logging in
08/05/2023 18:35:32 036fcd01-eda1-11ed-8720-ec5c682c490f INFO login shivani@gmail.com logged in
08/05/2023 18:59:17 54c27fa0-eda4-11ed-a8ec-ec5c682c490f INFO summarize_article shivani@gmail.com summarized article
08/05/2023 18:59:27 5b25a101-eda4-11ed-8720-ec5c682c490f INFO summarize_article shivani@gmail.com summarized article
08/05/2023 22:00:32 a6df52fa-edbd-11ed-a8ec-ec5c682c490f INFO create_article sivani@gmail.com created article
08/05/2023 22:07:24 9ccaac88-edbe-11ed-a8ec-ec5c682c490f INFO create_article sivani@gmail.com created article
08/05/2023 22:17:07 f83a0320-edbf-11ed-a8ec-ec5c682c490f INFO create_article sivani@gmail.com created article
08/05/2023 22:17:22 00efcbb0-edc0-11ed-a8ec-ec5c682c490f INFO create_article sivani@gmail.com created article
08/05/2023 22:17:53 13606e99-edc0-11ed-a8ec-ec5c682c490f INFO create_article sivani@gmail.com created article
08/05/2023 22:20:04 61b402d1-edc0-11ed-a8ec-ec5c682c490f INFO create_article sivani@gmail.com created article
08/05/2023 22:24:43 07fdcdc7-edc1-11ed-a8ec-ec5c682c490f INFO create_article sivani@gmail.com created article
08/05/2023 22:25:02 1320aa82-edc1-11ed-a8ec-ec5c682c490f INFO create_article sivani@gmail.com created article
08/05/2023 22:25:33 25bb2cc9-edc1-11ed-a8ec-ec5c682c490f INFO create_article sivani@gmail.com created article
08/05/2023 22:25:48 2edc5c05-edc1-11ed-a8ec-ec5c682c490f INFO create_article sivani@gmail.com created article
08/05/2023 22:27:10 5fa1c6a2-edc1-11ed-a8ec-ec5c682c490f INFO create_article sivani@gmail.com created article
